<?xml version="1.0" encoding="UTF-8"?>
<!-- Generated by org.testng.reporters.JUnitXMLReporter -->
<testsuite ignored="1" hostname="DESKTOP-ACB6JEB" failures="0" tests="2" name="SubmitOrderTests" time="0.179" errors="0" timestamp="2024-07-23T12:05:59 IST">
  <testcase classname="wipro.com.submitOrderTest" name="submitOrderTest" time="0.0">
    <skipped/>
  </testcase> <!-- submitOrderTest -->
  <testcase classname="wipro.com.submitOrderTest" name="submitOrderTest" time="0.001">
    <skipped/>
  </testcase> <!-- submitOrderTest -->
  <testcase classname="wipro.com.submitOrderTest" name="orderTest" time="0.0">
    <ignored/>
  </testcase> <!-- orderTest -->
</testsuite> <!-- SubmitOrderTests -->
